<?xml version="1.0" encoding="UTF-8"?>
<!-- Generated by org.testng.reporters.JUnitReportReporter -->
<testsuite skipped="0" hostname="DESKTOP-TUK50Q0" name="Runner.TestRunner" tests="12" failures="0" timestamp="2022-08-17T10:09:22 IST" time="21.981" errors="0">
  <testcase name="runScenario" time="0.260" classname="Runner.TestRunner"/>
  <system-out/>
  <testcase name="runScenario" time="0.028" classname="Runner.TestRunner"/>
  <system-out/>
  <testcase name="runScenario" time="0.236" classname="Runner.TestRunner"/>
  <system-out/>
  <testcase name="runScenario" time="0.488" classname="Runner.TestRunner"/>
  <system-out/>
  <testcase name="runScenario" time="0.508" classname="Runner.TestRunner"/>
  <system-out/>
  <testcase name="runScenario" time="0.376" classname="Runner.TestRunner"/>
  <system-out/>
  <testcase name="runScenario" time="0.355" classname="Runner.TestRunner"/>
  <system-out/>
  <testcase name="runScenario" time="13.127" classname="Runner.TestRunner"/>
  <system-out/>
  <testcase name="runScenario" time="0.284" classname="Runner.TestRunner"/>
  <system-out/>
  <testcase name="runScenario" time="5.198" classname="Runner.TestRunner"/>
  <system-out/>
  <testcase name="runScenario" time="0.569" classname="Runner.TestRunner"/>
  <system-out/>
  <testcase name="runScenario" time="0.552" classname="Runner.TestRunner"/>
  <system-out/>
</testsuite> <!-- Runner.TestRunner -->
